<?xml version="1.0" encoding="UTF-8" ?>
<testsuite tests="12" failures="0" name="Runner" time="7.121" errors="0" skipped="0">
  <properties>
    <property name="java.runtime.name" value="Java(TM) SE Runtime Environment"/>
    <property name="java.vm.version" value="11.0.11+9-LTS-194"/>
    <property name="sun.boot.library.path" value="C:\Program Files\Java\jdk-11.0.11\bin"/>
    <property name="maven.multiModuleProjectDirectory" value="C:\Users\emaek\IdeaProjects\qaacademy_cucumber_turma6"/>
    <property name="java.vm.vendor" value="Oracle Corporation"/>
    <property name="java.vendor.url" value="https://openjdk.java.net/"/>
    <property name="guice.disable.misplaced.annotation.check" value="true"/>
    <property name="path.separator" value=";"/>
    <property name="java.vm.name" value="Java HotSpot(TM) 64-Bit Server VM"/>
    <property name="sun.os.patch.level" value=""/>
    <property name="user.script" value=""/>
    <property name="user.country" value="BR"/>
    <property name="sun.java.launcher" value="SUN_STANDARD"/>
    <property name="test" value="Runner"/>
    <property name="java.vm.specification.name" value="Java Virtual Machine Specification"/>
    <property name="user.dir" value="C:\Users\emaek\IdeaProjects\qaacademy_cucumber_turma6"/>
    <property name="java.vm.compressedOopsMode" value="Zero based"/>
    <property name="java.runtime.version" value="11.0.11+9-LTS-194"/>
    <property name="java.awt.graphicsenv" value="sun.awt.Win32GraphicsEnvironment"/>
    <property name="os.arch" value="amd64"/>
    <property name="java.io.tmpdir" value="C:\Users\emaek\AppData\Local\Temp\"/>
    <property name="line.separator" value="
"/>
    <property name="java.vm.specification.vendor" value="Oracle Corporation"/>
    <property name="user.variant" value=""/>
    <property name="os.name" value="Windows 10"/>
    <property name="classworlds.conf" value="C:\ProgramData\chocolatey\lib\maven\apache-maven-3.8.6\bin\m2.conf"/>
    <property name="sun.jnu.encoding" value="Cp1252"/>
    <property name="java.library.path" value="C:\Program Files\Java\jdk-11.0.11\bin;C:\Windows\Sun\Java\bin;C:\Windows\system32;C:\Windows;C:\Program Files\Common Files\Oracle\Java\javapath;C:\Program Files (x86)\Common Files\Oracle\Java\javapath;C:\Windows\system32;C:\Windows;C:\Windows\System32\Wbem;C:\Windows\System32\WindowsPowerShell\v1.0\;C:\Windows\System32\OpenSSH\;C:\Program Files (x86)\NVIDIA Corporation\PhysX\Common;C:\Program Files\NVIDIA Corporation\NVIDIA NvDLISR;C:\Program Files\Java\jdk-11.0.11\bin;C:\ProgramData\chocolatey\bin;C:\ProgramData\chocolatey\lib\maven\apache-maven-3.8.6\bin;C:\Program Files\Git\cmd;C:\Users\emaek\allure-commandline-2.17.3\allure-2.17.3\bin;C:\Users\emaek\AppData\Local\Microsoft\WindowsApps;;C:\Users\emaek\AppData\Local\Programs\Microsoft VS Code\bin;."/>
    <property name="maven.conf" value="C:\ProgramData\chocolatey\lib\maven\apache-maven-3.8.6/conf"/>
    <property name="jdk.debug" value="release"/>
    <property name="java.class.version" value="55.0"/>
    <property name="java.specification.name" value="Java Platform API Specification"/>
    <property name="sun.management.compiler" value="HotSpot 64-Bit Tiered Compilers"/>
    <property name="os.version" value="10.0"/>
    <property name="library.jansi.path" value="C:\ProgramData\chocolatey\lib\maven\apache-maven-3.8.6\lib\jansi-native"/>
    <property name="user.home" value="C:\Users\emaek"/>
    <property name="user.timezone" value="America/Sao_Paulo"/>
    <property name="java.awt.printerjob" value="sun.awt.windows.WPrinterJob"/>
    <property name="file.encoding" value="Cp1252"/>
    <property name="java.specification.version" value="11"/>
    <property name="user.name" value="emaek"/>
    <property name="java.class.path" value="C:\ProgramData\chocolatey\lib\maven\apache-maven-3.8.6\boot\plexus-classworlds-2.6.0.jar"/>
    <property name="java.vm.specification.version" value="11"/>
    <property name="sun.arch.data.model" value="64"/>
    <property name="sun.java.command" value="org.codehaus.plexus.classworlds.launcher.Launcher clean install -Dtest=Runner test"/>
    <property name="java.home" value="C:\Program Files\Java\jdk-11.0.11"/>
    <property name="user.language" value="pt"/>
    <property name="java.specification.vendor" value="Oracle Corporation"/>
    <property name="awt.toolkit" value="sun.awt.windows.WToolkit"/>
    <property name="java.vm.info" value="mixed mode"/>
    <property name="java.version" value="11.0.11"/>
    <property name="java.vendor" value="Oracle Corporation"/>
    <property name="sun.stderr.encoding" value="cp850"/>
    <property name="maven.home" value="C:\ProgramData\chocolatey\lib\maven\apache-maven-3.8.6"/>
    <property name="file.separator" value="\"/>
    <property name="java.version.date" value="2021-04-20"/>
    <property name="java.vendor.url.bug" value="https://bugreport.java.com/bugreport/"/>
    <property name="sun.io.unicode.encoding" value="UnicodeLittle"/>
    <property name="sun.cpu.endian" value="little"/>
    <property name="java.vendor.version" value="18.9"/>
    <property name="sun.stdout.encoding" value="cp850"/>
    <property name="sun.desktop" value="windows"/>
    <property name="sun.cpu.isalist" value="amd64"/>
  </properties>
  <testcase classname="que eu acesso o site Register((Scenario) Validar cadastro com sucesso no site Register)" name="que eu acesso o site Register(" time="4.853"/>
  <testcase classname="preencho o campo nome com valor &quot;Elaine&quot;((Scenario) Validar cadastro com sucesso no site Register)" name="preencho o campo nome com valor &quot;Elaine&quot;(" time="0.14"/>
  <testcase classname="o campo sobrenome com valor &quot;Maekawa&quot;((Scenario) Validar cadastro com sucesso no site Register)" name="o campo sobrenome com valor &quot;Maekawa&quot;(" time="0.074"/>
  <testcase classname="o endereço com o valor &quot;Rua Agostinho Gomes, 1326 Apto 1074&quot;((Scenario) Validar cadastro com sucesso no site Register)" name="o endereço com o valor &quot;Rua Agostinho Gomes, 1326 Apto 1074&quot;(" time="0.104"/>
  <testcase classname="o email com o valor &quot;emaekawaf@hotmail.com&quot;((Scenario) Validar cadastro com sucesso no site Register)" name="o email com o valor &quot;emaekawaf@hotmail.com&quot;(" time="0.072"/>
  <testcase classname="o telefone com o valor &quot;13997072607&quot;((Scenario) Validar cadastro com sucesso no site Register)" name="o telefone com o valor &quot;13997072607&quot;(" time="0.058"/>
  <testcase classname="clico na opção de sexo feminino((Scenario) Validar cadastro com sucesso no site Register)" name="clico na opção de sexo feminino(" time="0.043"/>
  <testcase classname="seleciono a segunda checkbox de hobbies((Scenario) Validar cadastro com sucesso no site Register)" name="seleciono a segunda checkbox de hobbies(" time="0.039"/>
  <testcase classname="seleciono &quot;Java&quot; dentro do dropdown de skills((Scenario) Validar cadastro com sucesso no site Register)" name="seleciono &quot;Java&quot; dentro do dropdown de skills(" time="0.058"/>
  <testcase classname="seleciono um país da lista((Scenario) Validar cadastro com sucesso no site Register)" name="seleciono um país da lista(" time="0.108"/>
  <testcase classname="seleciono o ano &quot;1994&quot;, o mês &quot;March&quot; e o dia &quot;14&quot;((Scenario) Validar cadastro com sucesso no site Register)" name="seleciono o ano &quot;1994&quot;, o mês &quot;March&quot; e o dia &quot;14&quot;(" time="0.24"/>
  <testcase classname="(Scenario) Validar cadastro com sucesso no site Register" name="(Scenario) Validar cadastro com sucesso no site Register" time="1.332"/>
</testsuite>